<?xml version="1.0" encoding="UTF-8"?>
<!-- Generated by org.testng.reporters.JUnitXMLReporter -->
<testsuite ignored="0" hostname="DESKTOP-8NEJEKB" failures="0" tests="4" name="Default test" time="0.175" errors="0" timestamp="2024-12-04T12:01:05 IST">
  <testcase classname="TestNG.DataDrivenTesting" name="getdata" time="0.017"/>
  <testcase classname="TestNG.DataDrivenTesting" name="getdata" time="0.005"/>
  <testcase classname="TestNG.DataDrivenTesting" name="getdata" time="0.004"/>
  <testcase classname="TestNG.DataDrivenTesting" name="getdata" time="0.003"/>
</testsuite> <!-- Default test -->
