<?xml version="1.0" encoding="UTF-8"?>
<testng-results ignored="0" total="4" passed="4" failed="0" skipped="0">
  <reporter-output>
  </reporter-output>
  <suite started-at="2024-12-04T12:01:05 IST" name="Default suite" finished-at="2024-12-04T12:01:05 IST" duration-ms="175">
    <groups>
    </groups>
    <test started-at="2024-12-04T12:01:05 IST" name="Default test" finished-at="2024-12-04T12:01:05 IST" duration-ms="175">
      <class name="TestNG.DataDrivenTesting">
        <test-method signature="getdata(java.lang.String,java.lang.String)[pri:0, instance:TestNG.DataDrivenTesting@169e6180]" started-at="2024-12-04T12:01:05 IST" name="getdata" data-provider="Regdata" finished-at="2024-12-04T12:01:05 IST" duration-ms="17" status="PASS">
          <params>
            <param index="0">
              <value>
                <![CDATA[user Name]]>
              </value>
            </param>
            <param index="1">
              <value>
                <![CDATA[user Password]]>
              </value>
            </param>
          </params>
          <reporter-output>
          </reporter-output>
        </test-method> <!-- getdata -->
        <test-method signature="getdata(java.lang.String,java.lang.String)[pri:0, instance:TestNG.DataDrivenTesting@169e6180]" started-at="2024-12-04T12:01:05 IST" name="getdata" data-provider="Regdata" finished-at="2024-12-04T12:01:05 IST" duration-ms="5" status="PASS">
          <params>
            <param index="0">
              <value>
                <![CDATA[sanketjagdale@facebook.com]]>
              </value>
            </param>
            <param index="1">
              <value>
                <![CDATA[Sanket@1133]]>
              </value>
            </param>
          </params>
          <reporter-output>
          </reporter-output>
        </test-method> <!-- getdata -->
        <test-method signature="getdata(java.lang.String,java.lang.String)[pri:0, instance:TestNG.DataDrivenTesting@169e6180]" started-at="2024-12-04T12:01:05 IST" name="getdata" data-provider="Regdata" finished-at="2024-12-04T12:01:05 IST" duration-ms="4" status="PASS">
          <params>
            <param index="0">
              <value>
                <![CDATA[vaibhav@facebook.com]]>
              </value>
            </param>
            <param index="1">
              <value>
                <![CDATA[Vaibhav@123]]>
              </value>
            </param>
          </params>
          <reporter-output>
          </reporter-output>
        </test-method> <!-- getdata -->
        <test-method signature="getdata(java.lang.String,java.lang.String)[pri:0, instance:TestNG.DataDrivenTesting@169e6180]" started-at="2024-12-04T12:01:05 IST" name="getdata" data-provider="Regdata" finished-at="2024-12-04T12:01:05 IST" duration-ms="3" status="PASS">
          <params>
            <param index="0">
              <value>
                <![CDATA[rohan@facebook.com]]>
              </value>
            </param>
            <param index="1">
              <value>
                <![CDATA[rohan@123]]>
              </value>
            </param>
          </params>
          <reporter-output>
          </reporter-output>
        </test-method> <!-- getdata -->
      </class> <!-- TestNG.DataDrivenTesting -->
    </test> <!-- Default test -->
  </suite> <!-- Default suite -->
</testng-results>
